Determining if the function crc32c_value exists in the crc32c failed with the following output:
Change Dir: /home/paddy09/leveldb/build/CMakeFiles/CMakeTmp

Run Build Command:"/usr/bin/make" "cmTC_3653c/fast"
/usr/bin/make -f CMakeFiles/cmTC_3653c.dir/build.make CMakeFiles/cmTC_3653c.dir/build
make[1]: Entering directory '/home/paddy09/leveldb/build/CMakeFiles/CMakeTmp'
Building C object CMakeFiles/cmTC_3653c.dir/CheckFunctionExists.c.o
/usr/bin/cc   -DCHECK_FUNCTION_EXISTS=crc32c_value   -std=c11 -o CMakeFiles/cmTC_3653c.dir/CheckFunctionExists.c.o   -c /usr/local/share/cmake-3.11/Modules/CheckFunctionExists.c
Linking C executable cmTC_3653c
/usr/local/bin/cmake -E cmake_link_script CMakeFiles/cmTC_3653c.dir/link.txt --verbose=1
/usr/bin/cc  -DCHECK_FUNCTION_EXISTS=crc32c_value    CMakeFiles/cmTC_3653c.dir/CheckFunctionExists.c.o  -o cmTC_3653c -lcrc32c 
/usr/bin/ld: cannot find -lcrc32c
collect2: error: ld returned 1 exit status
CMakeFiles/cmTC_3653c.dir/build.make:86: recipe for target 'cmTC_3653c' failed
make[1]: *** [cmTC_3653c] Error 1
make[1]: Leaving directory '/home/paddy09/leveldb/build/CMakeFiles/CMakeTmp'
Makefile:126: recipe for target 'cmTC_3653c/fast' failed
make: *** [cmTC_3653c/fast] Error 2


Determining if the function malloc exists in the tcmalloc failed with the following output:
Change Dir: /home/paddy09/leveldb/build/CMakeFiles/CMakeTmp

Run Build Command:"/usr/bin/make" "cmTC_a4512/fast"
/usr/bin/make -f CMakeFiles/cmTC_a4512.dir/build.make CMakeFiles/cmTC_a4512.dir/build
make[1]: Entering directory '/home/paddy09/leveldb/build/CMakeFiles/CMakeTmp'
Building C object CMakeFiles/cmTC_a4512.dir/CheckFunctionExists.c.o
/usr/bin/cc   -DCHECK_FUNCTION_EXISTS=malloc   -std=c11 -o CMakeFiles/cmTC_a4512.dir/CheckFunctionExists.c.o   -c /usr/local/share/cmake-3.11/Modules/CheckFunctionExists.c
<command-line>:0:23: warning: conflicting types for built-in function ‘malloc’
/usr/local/share/cmake-3.11/Modules/CheckFunctionExists.c:7:3: note: in expansion of macro ‘CHECK_FUNCTION_EXISTS’
   CHECK_FUNCTION_EXISTS(void);
   ^
Linking C executable cmTC_a4512
/usr/local/bin/cmake -E cmake_link_script CMakeFiles/cmTC_a4512.dir/link.txt --verbose=1
/usr/bin/cc  -DCHECK_FUNCTION_EXISTS=malloc    CMakeFiles/cmTC_a4512.dir/CheckFunctionExists.c.o  -o cmTC_a4512 -ltcmalloc 
/usr/bin/ld: cannot find -ltcmalloc
collect2: error: ld returned 1 exit status
CMakeFiles/cmTC_a4512.dir/build.make:86: recipe for target 'cmTC_a4512' failed
make[1]: *** [cmTC_a4512] Error 1
make[1]: Leaving directory '/home/paddy09/leveldb/build/CMakeFiles/CMakeTmp'
Makefile:126: recipe for target 'cmTC_a4512/fast' failed
make: *** [cmTC_a4512/fast] Error 2


Determining if the fdatasync exist failed with the following output:
Change Dir: /home/paddy09/leveldb/build/CMakeFiles/CMakeTmp

Run Build Command:"/usr/bin/make" "cmTC_ebe6d/fast"
/usr/bin/make -f CMakeFiles/cmTC_ebe6d.dir/build.make CMakeFiles/cmTC_ebe6d.dir/build
make[1]: Entering directory '/home/paddy09/leveldb/build/CMakeFiles/CMakeTmp'
Building C object CMakeFiles/cmTC_ebe6d.dir/CheckSymbolExists.c.o
/usr/bin/cc   -std=c11 -o CMakeFiles/cmTC_ebe6d.dir/CheckSymbolExists.c.o   -c /home/paddy09/leveldb/build/CMakeFiles/CMakeTmp/CheckSymbolExists.c
/home/paddy09/leveldb/build/CMakeFiles/CMakeTmp/CheckSymbolExists.c: In function ‘main’:
/home/paddy09/leveldb/build/CMakeFiles/CMakeTmp/CheckSymbolExists.c:8:19: error: ‘fdatasync’ undeclared (first use in this function)
   return ((int*)(&fdatasync))[argc];
                   ^
/home/paddy09/leveldb/build/CMakeFiles/CMakeTmp/CheckSymbolExists.c:8:19: note: each undeclared identifier is reported only once for each function it appears in
CMakeFiles/cmTC_ebe6d.dir/build.make:65: recipe for target 'CMakeFiles/cmTC_ebe6d.dir/CheckSymbolExists.c.o' failed
make[1]: *** [CMakeFiles/cmTC_ebe6d.dir/CheckSymbolExists.c.o] Error 1
make[1]: Leaving directory '/home/paddy09/leveldb/build/CMakeFiles/CMakeTmp'
Makefile:126: recipe for target 'cmTC_ebe6d/fast' failed
make: *** [cmTC_ebe6d/fast] Error 2

File /home/paddy09/leveldb/build/CMakeFiles/CMakeTmp/CheckSymbolExists.c:
/* */
#include <unistd.h>

int main(int argc, char** argv)
{
  (void)argv;
#ifndef fdatasync
  return ((int*)(&fdatasync))[argc];
#else
  (void)argc;
  return 0;
#endif
}

Performing C++ SOURCE FILE Test HAVE_CLANG_THREAD_SAFETY failed with the following output:
Change Dir: /home/paddy09/leveldb/build/CMakeFiles/CMakeTmp

Run Build Command:"/usr/bin/make" "cmTC_b8a8f/fast"
/usr/bin/make -f CMakeFiles/cmTC_b8a8f.dir/build.make CMakeFiles/cmTC_b8a8f.dir/build
make[1]: Entering directory '/home/paddy09/leveldb/build/CMakeFiles/CMakeTmp'
Building CXX object CMakeFiles/cmTC_b8a8f.dir/src.cxx.o
/usr/bin/c++    -DHAVE_CLANG_THREAD_SAFETY -Werror   -std=c++11 -o CMakeFiles/cmTC_b8a8f.dir/src.cxx.o -c /home/paddy09/leveldb/build/CMakeFiles/CMakeTmp/src.cxx
/home/paddy09/leveldb/build/CMakeFiles/CMakeTmp/src.cxx:2:34: error: ‘lockable’ attribute directive ignored [-Werror=attributes]
 struct __attribute__((lockable)) Lock {
                                  ^
/home/paddy09/leveldb/build/CMakeFiles/CMakeTmp/src.cxx:3:59: error: ‘exclusive_lock_function’ attribute directive ignored [-Werror=attributes]
   void Acquire() __attribute__((exclusive_lock_function()));
                                                           ^
/home/paddy09/leveldb/build/CMakeFiles/CMakeTmp/src.cxx:4:51: error: ‘unlock_function’ attribute directive ignored [-Werror=attributes]
   void Release() __attribute__((unlock_function()));
                                                   ^
/home/paddy09/leveldb/build/CMakeFiles/CMakeTmp/src.cxx:8:46: error: ‘guarded_by’ attribute directive ignored [-Werror=attributes]
   int data_ __attribute__((guarded_by(lock_)));
                                              ^
cc1plus: all warnings being treated as errors
CMakeFiles/cmTC_b8a8f.dir/build.make:65: recipe for target 'CMakeFiles/cmTC_b8a8f.dir/src.cxx.o' failed
make[1]: *** [CMakeFiles/cmTC_b8a8f.dir/src.cxx.o] Error 1
make[1]: Leaving directory '/home/paddy09/leveldb/build/CMakeFiles/CMakeTmp'
Makefile:126: recipe for target 'cmTC_b8a8f/fast' failed
make: *** [cmTC_b8a8f/fast] Error 2

Source file was:

struct __attribute__((lockable)) Lock {
  void Acquire() __attribute__((exclusive_lock_function()));
  void Release() __attribute__((unlock_function()));
};
struct ThreadSafeType {
  Lock lock_;
  int data_ __attribute__((guarded_by(lock_)));
};
int main() { return 0; }

Determining if the pthread_create exist failed with the following output:
Change Dir: /home/paddy09/leveldb/build/CMakeFiles/CMakeTmp

Run Build Command:"/usr/bin/make" "cmTC_4097e/fast"
/usr/bin/make -f CMakeFiles/cmTC_4097e.dir/build.make CMakeFiles/cmTC_4097e.dir/build
make[1]: Entering directory '/home/paddy09/leveldb/build/CMakeFiles/CMakeTmp'
Building C object CMakeFiles/cmTC_4097e.dir/CheckSymbolExists.c.o
/usr/bin/cc   -std=c11 -o CMakeFiles/cmTC_4097e.dir/CheckSymbolExists.c.o   -c /home/paddy09/leveldb/build/CMakeFiles/CMakeTmp/CheckSymbolExists.c
Linking C executable cmTC_4097e
/usr/local/bin/cmake -E cmake_link_script CMakeFiles/cmTC_4097e.dir/link.txt --verbose=1
/usr/bin/cc      CMakeFiles/cmTC_4097e.dir/CheckSymbolExists.c.o  -o cmTC_4097e 
CMakeFiles/cmTC_4097e.dir/CheckSymbolExists.c.o: In function `main':
CheckSymbolExists.c:(.text+0x16): undefined reference to `pthread_create'
collect2: error: ld returned 1 exit status
CMakeFiles/cmTC_4097e.dir/build.make:86: recipe for target 'cmTC_4097e' failed
make[1]: *** [cmTC_4097e] Error 1
make[1]: Leaving directory '/home/paddy09/leveldb/build/CMakeFiles/CMakeTmp'
Makefile:126: recipe for target 'cmTC_4097e/fast' failed
make: *** [cmTC_4097e/fast] Error 2

File /home/paddy09/leveldb/build/CMakeFiles/CMakeTmp/CheckSymbolExists.c:
/* */
#include <pthread.h>

int main(int argc, char** argv)
{
  (void)argv;
#ifndef pthread_create
  return ((int*)(&pthread_create))[argc];
#else
  (void)argc;
  return 0;
#endif
}

Determining if the function pthread_create exists in the pthreads failed with the following output:
Change Dir: /home/paddy09/leveldb/build/CMakeFiles/CMakeTmp

Run Build Command:"/usr/bin/make" "cmTC_61cc4/fast"
/usr/bin/make -f CMakeFiles/cmTC_61cc4.dir/build.make CMakeFiles/cmTC_61cc4.dir/build
make[1]: Entering directory '/home/paddy09/leveldb/build/CMakeFiles/CMakeTmp'
Building C object CMakeFiles/cmTC_61cc4.dir/CheckFunctionExists.c.o
/usr/bin/cc   -DCHECK_FUNCTION_EXISTS=pthread_create   -std=c11 -o CMakeFiles/cmTC_61cc4.dir/CheckFunctionExists.c.o   -c /usr/local/share/cmake-3.11/Modules/CheckFunctionExists.c
Linking C executable cmTC_61cc4
/usr/local/bin/cmake -E cmake_link_script CMakeFiles/cmTC_61cc4.dir/link.txt --verbose=1
/usr/bin/cc  -DCHECK_FUNCTION_EXISTS=pthread_create    CMakeFiles/cmTC_61cc4.dir/CheckFunctionExists.c.o  -o cmTC_61cc4 -lpthreads 
/usr/bin/ld: cannot find -lpthreads
collect2: error: ld returned 1 exit status
CMakeFiles/cmTC_61cc4.dir/build.make:86: recipe for target 'cmTC_61cc4' failed
make[1]: *** [cmTC_61cc4] Error 1
make[1]: Leaving directory '/home/paddy09/leveldb/build/CMakeFiles/CMakeTmp'
Makefile:126: recipe for target 'cmTC_61cc4/fast' failed
make: *** [cmTC_61cc4/fast] Error 2


Determining if the function sqlite3_open exists in the sqlite3 failed with the following output:
Change Dir: /home/paddy09/leveldb/build/CMakeFiles/CMakeTmp

Run Build Command:"/usr/bin/make" "cmTC_04854/fast"
/usr/bin/make -f CMakeFiles/cmTC_04854.dir/build.make CMakeFiles/cmTC_04854.dir/build
make[1]: Entering directory '/home/paddy09/leveldb/build/CMakeFiles/CMakeTmp'
Building C object CMakeFiles/cmTC_04854.dir/CheckFunctionExists.c.o
/usr/bin/cc   -DCHECK_FUNCTION_EXISTS=sqlite3_open   -std=c11 -o CMakeFiles/cmTC_04854.dir/CheckFunctionExists.c.o   -c /usr/local/share/cmake-3.11/Modules/CheckFunctionExists.c
Linking C executable cmTC_04854
/usr/local/bin/cmake -E cmake_link_script CMakeFiles/cmTC_04854.dir/link.txt --verbose=1
/usr/bin/cc  -DCHECK_FUNCTION_EXISTS=sqlite3_open    CMakeFiles/cmTC_04854.dir/CheckFunctionExists.c.o  -o cmTC_04854 -lsqlite3 
/usr/bin/ld: cannot find -lsqlite3
collect2: error: ld returned 1 exit status
CMakeFiles/cmTC_04854.dir/build.make:86: recipe for target 'cmTC_04854' failed
make[1]: *** [cmTC_04854] Error 1
make[1]: Leaving directory '/home/paddy09/leveldb/build/CMakeFiles/CMakeTmp'
Makefile:126: recipe for target 'cmTC_04854/fast' failed
make: *** [cmTC_04854/fast] Error 2


Performing C++ SOURCE FILE Test HAVE_KYOTOCABINET failed with the following output:
Change Dir: /home/paddy09/leveldb/build/CMakeFiles/CMakeTmp

Run Build Command:"/usr/bin/make" "cmTC_008f6/fast"
/usr/bin/make -f CMakeFiles/cmTC_008f6.dir/build.make CMakeFiles/cmTC_008f6.dir/build
make[1]: Entering directory '/home/paddy09/leveldb/build/CMakeFiles/CMakeTmp'
Building CXX object CMakeFiles/cmTC_008f6.dir/src.cxx.o
/usr/bin/c++    -DHAVE_KYOTOCABINET   -std=c++11 -o CMakeFiles/cmTC_008f6.dir/src.cxx.o -c /home/paddy09/leveldb/build/CMakeFiles/CMakeTmp/src.cxx
/home/paddy09/leveldb/build/CMakeFiles/CMakeTmp/src.cxx:2:22: fatal error: kcpolydb.h: No such file or directory
compilation terminated.
CMakeFiles/cmTC_008f6.dir/build.make:65: recipe for target 'CMakeFiles/cmTC_008f6.dir/src.cxx.o' failed
make[1]: *** [CMakeFiles/cmTC_008f6.dir/src.cxx.o] Error 1
make[1]: Leaving directory '/home/paddy09/leveldb/build/CMakeFiles/CMakeTmp'
Makefile:126: recipe for target 'cmTC_008f6/fast' failed
make: *** [cmTC_008f6/fast] Error 2

Source file was:

#include <kcpolydb.h>

int main() {
  kyotocabinet::TreeDB* db = new kyotocabinet::TreeDB();
  delete db;
  return 0;
}
  
